<?xml version="1.0" encoding="UTF-8"?>
<!-- Generated by org.testng.reporters.JUnitReportReporter -->
<testsuite hostname="DESKTOP-9JU3N4G" failures="0" tests="1" name="testCases.FacebookLoginTest" time="22.647" errors="0" timestamp="2023-06-26T12:30:12 IST" skipped="0">
  <testcase classname="testCases.FacebookLoginTest" name="facebookLogintest" time="22.647"/>
  <system-out/>
</testsuite> <!-- testCases.FacebookLoginTest -->
