<?xml version="1.0" encoding="UTF-8"?>
<!-- Generated by org.testng.reporters.JUnitReportReporter -->
<testsuite hostname="LAPTOP-PTO6DNSK" failures="0" tests="1" name="testCases.FacebookLoginTest" time="17.631" errors="0" timestamp="2023-07-05T18:33:07 IST" skipped="0">
  <testcase classname="testCases.FacebookLoginTest" name="facebookLogintest" time="17.631"/>
  <system-out/>
</testsuite> <!-- testCases.FacebookLoginTest -->
