<?xml version="1.0" encoding="UTF-8"?>
<!-- Generated by org.testng.reporters.JUnitReportReporter -->
<testsuite hostname="DESKTOP-9JU3N4G" failures="0" tests="1" name="testCases.FacebookLoginTest" time="19.135" errors="0" timestamp="2023-06-26T13:05:34 IST" skipped="0">
  <testcase classname="testCases.FacebookLoginTest" name="facebookLogintest" time="19.135"/>
  <system-out/>
</testsuite> <!-- testCases.FacebookLoginTest -->
