<?xml version="1.0" encoding="UTF-8"?>
<!-- Generated by org.testng.reporters.JUnitReportReporter -->
<testsuite hostname="DESKTOP-9JU3N4G" failures="0" tests="1" name="testCases.FacebookLoginTest" time="17.928" errors="0" timestamp="2023-06-25T13:22:50 IST" skipped="0">
  <testcase classname="testCases.FacebookLoginTest" name="facebookLogintest" time="17.928"/>
  <system-out/>
</testsuite> <!-- testCases.FacebookLoginTest -->
