<?xml version="1.0" encoding="UTF-8"?>
<!-- Generated by org.testng.reporters.JUnitReportReporter -->
<testsuite hostname="DESKTOP-9JU3N4G" failures="0" tests="1" name="testCases.RegistrationTest" time="13.296" errors="0" timestamp="2023-06-20T15:17:30 IST" skipped="0">
  <testcase classname="testCases.RegistrationTest" name="testRegistration" time="13.296"/>
  <system-out/>
</testsuite> <!-- testCases.RegistrationTest -->
